STAR version=2.7.3a
STAR compilation time,server,dir=Tue Oct 8 18:55:53 GMT 2019 :/Users/travis/build/alexdobin/travis-tests/STARcompile/source
##### Command Line:
/Users/jganbat/program_sources/STAR/bin/MacOSX_x86_64/STAR --runThreadN 4 --runMode genomeGenerate --genomeDir S288_STAR_index --genomeFastaFiles ./S288C_reference/S288C_reference_sequence_chr_renamed.fsa --genomeSAindexNbases 10 --sjdbGTFfile ./Saccharomyces_cerevisiae.R64-1-1.99.gtf --sjdbOverhang 150
##### Initial USER parameters from Command Line:
###### All USER parameters from Command Line:
runThreadN                    4     ~RE-DEFINED
runMode                       genomeGenerate     ~RE-DEFINED
genomeDir                     S288_STAR_index     ~RE-DEFINED
genomeFastaFiles              ./S288C_reference/S288C_reference_sequence_chr_renamed.fsa        ~RE-DEFINED
genomeSAindexNbases           10     ~RE-DEFINED
sjdbGTFfile                   ./Saccharomyces_cerevisiae.R64-1-1.99.gtf     ~RE-DEFINED
sjdbOverhang                  150     ~RE-DEFINED
##### Finished reading parameters from all sources

##### Final user re-defined parameters-----------------:
runMode                           genomeGenerate
runThreadN                        4
genomeDir                         S288_STAR_index
genomeFastaFiles                  ./S288C_reference/S288C_reference_sequence_chr_renamed.fsa   
genomeSAindexNbases               10
sjdbGTFfile                       ./Saccharomyces_cerevisiae.R64-1-1.99.gtf
sjdbOverhang                      150

-------------------------------
##### Final effective command line:
/Users/jganbat/program_sources/STAR/bin/MacOSX_x86_64/STAR   --runMode genomeGenerate   --runThreadN 4   --genomeDir S288_STAR_index   --genomeFastaFiles ./S288C_reference/S288C_reference_sequence_chr_renamed.fsa      --genomeSAindexNbases 10   --sjdbGTFfile ./Saccharomyces_cerevisiae.R64-1-1.99.gtf   --sjdbOverhang 150
----------------------------------------

Finished loading and checking parameters
Mar 09 15:17:28 ... starting to generate Genome files
./S288C_reference/S288C_reference_sequence_chr_renamed.fsa : chr # 0  "chrI" chrStart: 0
./S288C_reference/S288C_reference_sequence_chr_renamed.fsa : chr # 1  "chrII" chrStart: 262144
./S288C_reference/S288C_reference_sequence_chr_renamed.fsa : chr # 2  "chrIII" chrStart: 1310720
./S288C_reference/S288C_reference_sequence_chr_renamed.fsa : chr # 3  "chrIV" chrStart: 1835008
./S288C_reference/S288C_reference_sequence_chr_renamed.fsa : chr # 4  "chrV" chrStart: 3407872
./S288C_reference/S288C_reference_sequence_chr_renamed.fsa : chr # 5  "chrVI" chrStart: 4194304
./S288C_reference/S288C_reference_sequence_chr_renamed.fsa : chr # 6  "chrVII" chrStart: 4718592
./S288C_reference/S288C_reference_sequence_chr_renamed.fsa : chr # 7  "chrVIII" chrStart: 6029312
./S288C_reference/S288C_reference_sequence_chr_renamed.fsa : chr # 8  "chrIX" chrStart: 6815744
./S288C_reference/S288C_reference_sequence_chr_renamed.fsa : chr # 9  "chrX" chrStart: 7340032
./S288C_reference/S288C_reference_sequence_chr_renamed.fsa : chr # 10  "chrXI" chrStart: 8126464
./S288C_reference/S288C_reference_sequence_chr_renamed.fsa : chr # 11  "chrXII" chrStart: 8912896
./S288C_reference/S288C_reference_sequence_chr_renamed.fsa : chr # 12  "chrXIII" chrStart: 10223616
./S288C_reference/S288C_reference_sequence_chr_renamed.fsa : chr # 13  "chrXIV" chrStart: 11272192
./S288C_reference/S288C_reference_sequence_chr_renamed.fsa : chr # 14  "chrXV" chrStart: 12058624
./S288C_reference/S288C_reference_sequence_chr_renamed.fsa : chr # 15  "chrXVI" chrStart: 13369344
./S288C_reference/S288C_reference_sequence_chr_renamed.fsa : chr # 16  "chrMito" chrStart: 14417920
Estimated genome size=315680064   14680064   301000000
GstrandBit=32
Number of SA indices: 24314210
Mar 09 15:17:28 ... starting to sort Suffix Array. This may take a long time...
Number of chunks: 4;   chunks size limit: 64837888 bytes
Mar 09 15:17:28 ... sorting Suffix Array chunks and saving them to disk...
Writing 2865728 bytes into S288_STAR_index/SA_3 ; empty space on disk = 89202929696768 bytes ... done
Writing 62236096 bytes into S288_STAR_index/SA_2 ; empty space on disk = 89207104077824 bytes ... done
Writing 64641136 bytes into S288_STAR_index/SA_0 ; empty space on disk = 89191170965504 bytes ... done
Writing 64770720 bytes into S288_STAR_index/SA_1 ; empty space on disk = 89174622339072 bytes ... done
Mar 09 15:17:34 ... loading chunks from disk, packing SA...
Mar 09 15:17:34 ... finished generating suffix array
Mar 09 15:17:34 ... generating Suffix Array index
Mar 09 15:17:35 ... completed Suffix Array index
Mar 09 15:17:35 ..... processing annotations GTF
Processing pGe.sjdbGTFfile=./Saccharomyces_cerevisiae.R64-1-1.99.gtf, found:
		7127 transcripts
		7507 exons (non-collapsed)
		364 collapsed junctions
Mar 09 15:17:35 ..... finished GTF processing
Mar 09 15:17:35   Loaded database junctions from the GTF file: ./Saccharomyces_cerevisiae.R64-1-1.99.gtf: 364 total junctions

Mar 09 15:17:35   Finished preparing junctions
Mar 09 15:17:35 ..... inserting junctions into the genome indices
Mar 09 15:17:35   Finished SA search: number of new junctions=364, old junctions=0
Mar 09 15:17:35   Finished sorting SA indicesL nInd=218400
Genome size with junctions=14789628  14680064   109564
GstrandBit1=32   GstrandBit=32
Mar 09 15:17:36   Finished inserting junction indices
Mar 09 15:17:36   Finished SAi
Mar 09 15:17:36 ..... finished inserting junctions into genome
Mar 09 15:17:36 ... writing Genome to disk ...
Writing 14789628 bytes into S288_STAR_index/Genome ; empty space on disk = 89209984516096 bytes ... done
SA size in bytes: 101197020
Mar 09 15:17:36 ... writing Suffix Array to disk ...
Writing 101197020 bytes into S288_STAR_index/SA ; empty space on disk = 89232105275392 bytes ... done
Mar 09 15:17:36 ... writing SAindex to disk
Writing 8 bytes into S288_STAR_index/SAindex ; empty space on disk = 89207698620416 bytes ... done
Writing 88 bytes into S288_STAR_index/SAindex ; empty space on disk = 89207698620416 bytes ... done
Writing 6116691 bytes into S288_STAR_index/SAindex ; empty space on disk = 89207698620416 bytes ... done
Mar 09 15:17:36 ..... finished successfully
DONE: Genome generation, EXITING
